<?xml version="1.0" encoding="UTF-8"?>
<!-- Generated by org.testng.reporters.JUnitXMLReporter -->
<testsuite ignored="0" hostname="LAPTOP-U7CJ0AMP" failures="4" tests="10" name="Automation Practice Application TestCases" time="118.395" errors="0" timestamp="2020-10-14T17:44:00 IST">
  <testcase classname="com.automationpractice.qa.testcases.SearchResultsPageTest" name="@AfterTest closeBrowser" time="0.074">
    <failure type="org.openqa.selenium.NoSuchSessionException" message="invalid session id
Build info: version: &amp;apos;3.141.59&amp;apos;, revision: &amp;apos;e82be7d358&amp;apos;, time: &amp;apos;2018-11-14T08:17:03&amp;apos;
System info: host: &amp;apos;LAPTOP-U7CJ0AMP&amp;apos;, ip: &amp;apos;192.168.0.75&amp;apos;, os.name: &amp;apos;Windows 10&amp;apos;, os.arch: &amp;apos;amd64&amp;apos;, os.version: &amp;apos;10.0&amp;apos;, java.version: &amp;apos;14.0.2&amp;apos;
Driver info: org.openqa.selenium.chrome.ChromeDriver
Capabilities {acceptInsecureCerts: false, browserName: chrome, browserVersion: 86.0.4240.75, chrome: {chromedriverVersion: 86.0.4240.22 (398b0743353ff..., userDataDir: C:\Users\mudra\AppData\Loca...}, goog:chromeOptions: {debuggerAddress: localhost:49681}, javascriptEnabled: true, networkConnectionEnabled: false, pageLoadStrategy: normal, platform: WINDOWS, platformName: WINDOWS, proxy: Proxy(), setWindowRect: true, strictFileInteractability: false, timeouts: {implicit: 0, pageLoad: 300000, script: 30000}, unhandledPromptBehavior: dismiss and notify, webauthn:virtualAuthenticators: true}
Session ID: 4de3a60839d3eb4fb90cf1e683a10536">
      <![CDATA[org.openqa.selenium.NoSuchSessionException: invalid session id
Build info: version: '3.141.59', revision: 'e82be7d358', time: '2018-11-14T08:17:03'
System info: host: 'LAPTOP-U7CJ0AMP', ip: '192.168.0.75', os.name: 'Windows 10', os.arch: 'amd64', os.version: '10.0', java.version: '14.0.2'
Driver info: org.openqa.selenium.chrome.ChromeDriver
Capabilities {acceptInsecureCerts: false, browserName: chrome, browserVersion: 86.0.4240.75, chrome: {chromedriverVersion: 86.0.4240.22 (398b0743353ff..., userDataDir: C:\Users\mudra\AppData\Loca...}, goog:chromeOptions: {debuggerAddress: localhost:49681}, javascriptEnabled: true, networkConnectionEnabled: false, pageLoadStrategy: normal, platform: WINDOWS, platformName: WINDOWS, proxy: Proxy(), setWindowRect: true, strictFileInteractability: false, timeouts: {implicit: 0, pageLoad: 300000, script: 30000}, unhandledPromptBehavior: dismiss and notify, webauthn:virtualAuthenticators: true}
Session ID: 4de3a60839d3eb4fb90cf1e683a10536
at org.openqa.selenium.remote.http.W3CHttpResponseCodec.createException(W3CHttpResponseCodec.java:187)
at org.openqa.selenium.remote.http.W3CHttpResponseCodec.decode(W3CHttpResponseCodec.java:122)
at org.openqa.selenium.remote.http.W3CHttpResponseCodec.decode(W3CHttpResponseCodec.java:49)
at org.openqa.selenium.remote.HttpCommandExecutor.execute(HttpCommandExecutor.java:158)
at org.openqa.selenium.remote.service.DriverCommandExecutor.execute(DriverCommandExecutor.java:83)
at org.openqa.selenium.remote.RemoteWebDriver.execute(RemoteWebDriver.java:552)
at org.openqa.selenium.remote.RemoteWebDriver.execute(RemoteWebDriver.java:609)
at org.openqa.selenium.remote.RemoteWebDriver.close(RemoteWebDriver.java:442)
at com.automationpractice.qa.testcases.SearchResultsPageTest.closeBrowser(SearchResultsPageTest.java:55)
... Removed 29 stack frames]]>
    </failure>
  </testcase> <!-- @AfterTest closeBrowser -->
  <testcase classname="com.automationpractice.qa.testcases.HomePageTest" name="searchBoxTest" time="1.068"/>
  <testcase classname="com.automationpractice.qa.testcases.HomePageTest" name="contactUsTest" time="2.697"/>
  <testcase classname="com.automationpractice.qa.testcases.SearchResultsPageTest" name="searchForDress" time="2.74">
    <failure type="org.openqa.selenium.NoSuchSessionException" message="invalid session id
Build info: version: &amp;apos;3.141.59&amp;apos;, revision: &amp;apos;e82be7d358&amp;apos;, time: &amp;apos;2018-11-14T08:17:03&amp;apos;
System info: host: &amp;apos;LAPTOP-U7CJ0AMP&amp;apos;, ip: &amp;apos;192.168.0.75&amp;apos;, os.name: &amp;apos;Windows 10&amp;apos;, os.arch: &amp;apos;amd64&amp;apos;, os.version: &amp;apos;10.0&amp;apos;, java.version: &amp;apos;14.0.2&amp;apos;
Driver info: org.openqa.selenium.chrome.ChromeDriver
Capabilities {acceptInsecureCerts: false, browserName: chrome, browserVersion: 86.0.4240.75, chrome: {chromedriverVersion: 86.0.4240.22 (398b0743353ff..., userDataDir: C:\Users\mudra\AppData\Loca...}, goog:chromeOptions: {debuggerAddress: localhost:49302}, javascriptEnabled: true, networkConnectionEnabled: false, pageLoadStrategy: normal, platform: WINDOWS, platformName: WINDOWS, proxy: Proxy(), setWindowRect: true, strictFileInteractability: false, timeouts: {implicit: 0, pageLoad: 300000, script: 30000}, unhandledPromptBehavior: dismiss and notify, webauthn:virtualAuthenticators: true}
Session ID: d4f760370a4f367e41353e28687abc5e">
      <![CDATA[org.openqa.selenium.NoSuchSessionException: invalid session id
Build info: version: '3.141.59', revision: 'e82be7d358', time: '2018-11-14T08:17:03'
System info: host: 'LAPTOP-U7CJ0AMP', ip: '192.168.0.75', os.name: 'Windows 10', os.arch: 'amd64', os.version: '10.0', java.version: '14.0.2'
Driver info: org.openqa.selenium.chrome.ChromeDriver
Capabilities {acceptInsecureCerts: false, browserName: chrome, browserVersion: 86.0.4240.75, chrome: {chromedriverVersion: 86.0.4240.22 (398b0743353ff..., userDataDir: C:\Users\mudra\AppData\Loca...}, goog:chromeOptions: {debuggerAddress: localhost:49302}, javascriptEnabled: true, networkConnectionEnabled: false, pageLoadStrategy: normal, platform: WINDOWS, platformName: WINDOWS, proxy: Proxy(), setWindowRect: true, strictFileInteractability: false, timeouts: {implicit: 0, pageLoad: 300000, script: 30000}, unhandledPromptBehavior: dismiss and notify, webauthn:virtualAuthenticators: true}
Session ID: d4f760370a4f367e41353e28687abc5e
at org.openqa.selenium.remote.http.W3CHttpResponseCodec.createException(W3CHttpResponseCodec.java:187)
at org.openqa.selenium.remote.http.W3CHttpResponseCodec.decode(W3CHttpResponseCodec.java:122)
at org.openqa.selenium.remote.http.W3CHttpResponseCodec.decode(W3CHttpResponseCodec.java:49)
at org.openqa.selenium.remote.HttpCommandExecutor.execute(HttpCommandExecutor.java:158)
at org.openqa.selenium.remote.service.DriverCommandExecutor.execute(DriverCommandExecutor.java:83)
at org.openqa.selenium.remote.RemoteWebDriver.execute(RemoteWebDriver.java:552)
at org.openqa.selenium.remote.RemoteWebDriver$RemoteWebDriverOptions$RemoteTimeouts.pageLoadTimeout(RemoteWebDriver.java:792)
at com.automationpractice.qa.pages.HomePage.search(HomePage.java:36)
at com.automationpractice.qa.testcases.SearchResultsPageTest.searchForDress(SearchResultsPageTest.java:33)
at java.base/java.util.ArrayList.forEach(ArrayList.java:1511)
... Removed 32 stack frames]]>
    </failure>
  </testcase> <!-- searchForDress -->
  <testcase classname="com.automationpractice.qa.testcases.SearchResultsPageTest" name="addToCart" time="0.001">
    <failure type="java.lang.NullPointerException" message="Cannot invoke &amp;quot;com.automationpractice.qa.pages.SearchResultsPage.clickAddToCart()&amp;quot; because &amp;quot;com.automationpractice.qa.testcases.SearchResultsPageTest.search&amp;quot; is null">
      <![CDATA[java.lang.NullPointerException: Cannot invoke "com.automationpractice.qa.pages.SearchResultsPage.clickAddToCart()" because "com.automationpractice.qa.testcases.SearchResultsPageTest.search" is null
at com.automationpractice.qa.testcases.SearchResultsPageTest.addToCart(SearchResultsPageTest.java:38)
at java.base/java.util.ArrayList.forEach(ArrayList.java:1511)
... Removed 27 stack frames]]>
    </failure>
  </testcase> <!-- addToCart -->
  <testcase classname="com.automationpractice.qa.testcases.SearchResultsPageTest" name="clickProceedToCart" time="0.001">
    <failure type="java.lang.NullPointerException" message="Cannot invoke &amp;quot;com.automationpractice.qa.pages.SearchResultsPage.proceedToCart()&amp;quot; because &amp;quot;com.automationpractice.qa.testcases.SearchResultsPageTest.search&amp;quot; is null">
      <![CDATA[java.lang.NullPointerException: Cannot invoke "com.automationpractice.qa.pages.SearchResultsPage.proceedToCart()" because "com.automationpractice.qa.testcases.SearchResultsPageTest.search" is null
at com.automationpractice.qa.testcases.SearchResultsPageTest.clickProceedToCart(SearchResultsPageTest.java:44)
at java.base/java.util.ArrayList.forEach(ArrayList.java:1511)
... Removed 27 stack frames]]>
    </failure>
  </testcase> <!-- clickProceedToCart -->
  <testcase classname="com.automationpractice.qa.testcases.SearchResultsPageTest" name="increaseTheCartQuantity" time="0.001">
    <failure type="java.lang.NullPointerException" message="Cannot invoke &amp;quot;com.automationpractice.qa.pages.SearchResultsPage.increaseCartItemQuantity()&amp;quot; because &amp;quot;com.automationpractice.qa.testcases.SearchResultsPageTest.search&amp;quot; is null">
      <![CDATA[java.lang.NullPointerException: Cannot invoke "com.automationpractice.qa.pages.SearchResultsPage.increaseCartItemQuantity()" because "com.automationpractice.qa.testcases.SearchResultsPageTest.search" is null
at com.automationpractice.qa.testcases.SearchResultsPageTest.increaseTheCartQuantity(SearchResultsPageTest.java:49)
at java.base/java.util.ArrayList.forEach(ArrayList.java:1511)
... Removed 27 stack frames]]>
    </failure>
  </testcase> <!-- increaseTheCartQuantity -->
  <testcase classname="com.automationpractice.qa.testcases.ContactUsPageTest" name="selectSubjectHeading" time="0.764"/>
  <testcase classname="com.automationpractice.qa.testcases.ContactUsPageTest" name="fillOutTheForm" time="3.326"/>
  <testcase classname="com.automationpractice.qa.testcases.ContactUsPageTest" name="fillOutTheForm" time="3.39"/>
  <testcase classname="com.automationpractice.qa.testcases.ContactUsPageTest" name="fillOutTheForm" time="3.036"/>
</testsuite> <!-- Automation Practice Application TestCases -->
